0 verbose cli /data/data/com.termux/files/usr/bin/node /data/data/com.termux/files/usr/bin/npm
1 info using npm@11.5.1
2 info using node@v24.5.0
3 silly config load:file:/data/data/com.termux/files/usr/lib/node_modules/npm/npmrc
4 silly config load:file:/data/data/com.termux/files/home/.npmrc
5 silly config load:file:/data/data/com.termux/files/usr/etc/npmrc
6 verbose title npm install
7 verbose argv "install"
8 verbose logfile logs-max:10 dir:/data/data/com.termux/files/home/.npm/_logs/2025-08-03T22_27_33_537Z-
9 verbose logfile /data/data/com.termux/files/home/.npm/_logs/2025-08-03T22_27_33_537Z-debug-0.log
10 silly logfile done cleaning log files
11 silly packumentCache heap:1174405120 maxSize:293601280 maxEntrySize:146800640
12 silly idealTree buildDeps
13 silly reify moves {}
14 verbose stack Error: Could not read package.json: Error: ENOENT: no such file or directory, open '/data/data/com.termux/files/home/package.json'
14 verbose stack     at async open (node:internal/fs/promises:640:25)
14 verbose stack     at async readFile (node:internal/fs/promises:1277:14)
14 verbose stack     at async read (/data/data/com.termux/files/usr/lib/node_modules/npm/node_modules/@npmcli/package-json/lib/read-package.js:9:18)
14 verbose stack     at async PackageJson.load (/data/data/com.termux/files/usr/lib/node_modules/npm/node_modules/@npmcli/package-json/lib/index.js:132:31)
14 verbose stack     at async PackageJson.normalize (/data/data/com.termux/files/usr/lib/node_modules/npm/node_modules/@npmcli/package-json/lib/index.js:118:5)
14 verbose stack     at async runScript (/data/data/com.termux/files/usr/lib/node_modules/npm/node_modules/@npmcli/run-script/lib/run-script.js:11:28)
14 verbose stack     at async Install.exec (/data/data/com.termux/files/usr/lib/node_modules/npm/lib/commands/install.js:175:9)
14 verbose stack     at async Npm.exec (/data/data/com.termux/files/usr/lib/node_modules/npm/lib/npm.js:208:9)
14 verbose stack     at async module.exports (/data/data/com.termux/files/usr/lib/node_modules/npm/lib/cli/entry.js:60:5)
15 error code ENOENT
16 error syscall open
17 error path /data/data/com.termux/files/home/package.json
18 error errno -2
19 error enoent Could not read package.json: Error: ENOENT: no such file or directory, open '/data/data/com.termux/files/home/package.json'
20 error enoent This is related to npm not being able to find a file.
20 error enoent
21 verbose cwd /data/data/com.termux/files/home
22 verbose os Linux 4.19.87-27102101
23 verbose node v24.5.0
24 verbose npm  v11.5.1
25 verbose exit -2
26 verbose code -2
27 error A complete log of this run can be found in: /data/data/com.termux/files/home/.npm/_logs/2025-08-03T22_27_33_537Z-debug-0.log
